0 info it worked if it ends with ok
1 verbose cli [ '/usr/bin/node',
1 verbose cli   '/usr/bin/npm',
1 verbose cli   'install',
1 verbose cli   'grunt-contrib-saas' ]
2 info using npm@1.4.28
3 info using node@v0.10.36
4 verbose node symlink /usr/bin/node
5 warn package.json frontJavaTech@1.0.0 No description
6 warn package.json frontJavaTech@1.0.0 No repository field.
7 warn package.json frontJavaTech@1.0.0 No README data
8 verbose readDependencies using package.json deps
9 verbose cache add [ 'grunt-contrib-saas', null ]
10 verbose cache add name=undefined spec="grunt-contrib-saas" args=["grunt-contrib-saas",null]
11 verbose parsed url { protocol: null,
11 verbose parsed url   slashes: null,
11 verbose parsed url   auth: null,
11 verbose parsed url   host: null,
11 verbose parsed url   port: null,
11 verbose parsed url   hostname: null,
11 verbose parsed url   hash: null,
11 verbose parsed url   search: null,
11 verbose parsed url   query: null,
11 verbose parsed url   pathname: 'grunt-contrib-saas',
11 verbose parsed url   path: 'grunt-contrib-saas',
11 verbose parsed url   href: 'grunt-contrib-saas' }
12 silly lockFile 75702acd-grunt-contrib-saas grunt-contrib-saas
13 verbose lock grunt-contrib-saas /home/rikimaru/.npm/75702acd-grunt-contrib-saas.lock
14 silly lockFile 75702acd-grunt-contrib-saas grunt-contrib-saas
15 silly lockFile 75702acd-grunt-contrib-saas grunt-contrib-saas
16 verbose addNamed [ 'grunt-contrib-saas', '' ]
17 verbose addNamed [ null, '*' ]
18 silly lockFile e0b524db-grunt-contrib-saas grunt-contrib-saas@
19 verbose lock grunt-contrib-saas@ /home/rikimaru/.npm/e0b524db-grunt-contrib-saas.lock
20 silly addNameRange { name: 'grunt-contrib-saas', range: '*', hasData: false }
21 verbose request where is /grunt-contrib-saas
22 verbose request registry https://registry.npmjs.org/
23 verbose request id 73913851fd9effd9
24 verbose url raw /grunt-contrib-saas
25 verbose url resolving [ 'https://registry.npmjs.org/', './grunt-contrib-saas' ]
26 verbose url resolved https://registry.npmjs.org/grunt-contrib-saas
27 verbose request where is https://registry.npmjs.org/grunt-contrib-saas
28 info trying registry request attempt 1 at 16:07:54
29 http GET https://registry.npmjs.org/grunt-contrib-saas
30 http 404 https://registry.npmjs.org/grunt-contrib-saas
31 verbose headers { date: 'Thu, 19 Feb 2015 13:08:46 GMT',
31 verbose headers   server: 'CouchDB/1.5.0 (Erlang OTP/R16B03)',
31 verbose headers   'content-type': 'application/json',
31 verbose headers   'cache-control': 'max-age=0',
31 verbose headers   'content-length': '52',
31 verbose headers   'accept-ranges': 'bytes',
31 verbose headers   via: '1.1 varnish',
31 verbose headers   age: '0',
31 verbose headers   'x-served-by': 'cache-ams4146-AMS',
31 verbose headers   'x-cache': 'MISS',
31 verbose headers   'x-cache-hits': '0',
31 verbose headers   'x-timer': 'S1424351326.230104,VS0,VE383',
31 verbose headers   'keep-alive': 'timeout=10, max=50',
31 verbose headers   connection: 'Keep-Alive' }
32 silly registry.get cb [ 404,
32 silly registry.get   { date: 'Thu, 19 Feb 2015 13:08:46 GMT',
32 silly registry.get     server: 'CouchDB/1.5.0 (Erlang OTP/R16B03)',
32 silly registry.get     'content-type': 'application/json',
32 silly registry.get     'cache-control': 'max-age=0',
32 silly registry.get     'content-length': '52',
32 silly registry.get     'accept-ranges': 'bytes',
32 silly registry.get     via: '1.1 varnish',
32 silly registry.get     age: '0',
32 silly registry.get     'x-served-by': 'cache-ams4146-AMS',
32 silly registry.get     'x-cache': 'MISS',
32 silly registry.get     'x-cache-hits': '0',
32 silly registry.get     'x-timer': 'S1424351326.230104,VS0,VE383',
32 silly registry.get     'keep-alive': 'timeout=10, max=50',
32 silly registry.get     connection: 'Keep-Alive' } ]
33 silly lockFile e0b524db-grunt-contrib-saas grunt-contrib-saas@
34 silly lockFile e0b524db-grunt-contrib-saas grunt-contrib-saas@
35 error 404 404 Not Found: grunt-contrib-saas
35 error 404
35 error 404 'grunt-contrib-saas' is not in the npm registry.
35 error 404 You should bug the author to publish it
35 error 404 It was specified as a dependency of 'frontJavaTech'
35 error 404
35 error 404 Note that you can also install from a
35 error 404 tarball, folder, or http url, or git url.
36 error System Linux 3.13.0-24-generic
37 error command "/usr/bin/node" "/usr/bin/npm" "install" "grunt-contrib-saas"
38 error cwd /home/rikimaru/backBone-test
39 error node -v v0.10.36
40 error npm -v 1.4.28
41 error code E404
42 verbose exit [ 1, true ]
